# JRE version: OpenJDK Runtime Environment (8.0_152-b01) (build 1.8.0_152-release-1024-b01)
# Java VM: OpenJDK 64-Bit Server VM (25.152-b01 mixed mode linux-amd64 compressed oops)
Heap:
 PSYoungGen      total 386048K, used 208833K [0x00000000e0000000, 0x00000000fd100000, 0x0000000100000000)
  eden space 354304K, 51% used [0x00000000e0000000,0x00000000eb395300,0x00000000f5a00000)
  from space 31744K, 78% used [0x00000000f5a00000,0x00000000f725b2a8,0x00000000f7900000)
  to   space 33792K, 0% used [0x00000000fb000000,0x00000000fb000000,0x00000000fd100000)
 ParOldGen       total 147968K, used 44045K [0x00000000a0000000, 0x00000000a9080000, 0x00000000e0000000)
  object space 147968K, 29% used [0x00000000a0000000,0x00000000a2b03750,0x00000000a9080000)
 Metaspace       used 87794K, capacity 91842K, committed 92120K, reserved 1128448K
  class space    used 11316K, capacity 12174K, committed 12288K, reserved 1048576K
GC Heap History (10 events):
Event: 30,360 GC heap before
{Heap before GC invocations=12 (full 3):
 PSYoungGen      total 290304K, used 269312K [0x00000000e0000000, 0x00000000f5480000, 0x0000000100000000)
  eden space 269312K, 100% used [0x00000000e0000000,0x00000000f0700000,0x00000000f0700000)
  from space 20992K, 0% used [0x00000000f2200000,0x00000000f2200000,0x00000000f3680000)
  to   space 27648K, 0% used [0x00000000f0700000,0x00000000f0700000,0x00000000f2200000)
 ParOldGen       total 147968K, used 43938K [0x00000000a0000000, 0x00000000a9080000, 0x00000000e0000000)
  object space 147968K, 29% used [0x00000000a0000000,0x00000000a2ae8898,0x00000000a9080000)
 Metaspace       used 67489K, capacity 69814K, committed 69848K, reserved 1110016K
  class space    used 8875K, capacity 9472K, committed 9472K, reserved 1048576K
Event: 30,393 GC heap after
Heap after GC invocations=12 (full 3):
 PSYoungGen      total 296960K, used 15121K [0x00000000e0000000, 0x00000000f6e00000, 0x0000000100000000)
  eden space 269312K, 0% used [0x00000000e0000000,0x00000000e0000000,0x00000000f0700000)
  from space 27648K, 54% used [0x00000000f0700000,0x00000000f15c4788,0x00000000f2200000)
  to   space 27136K, 0% used [0x00000000f5380000,0x00000000f5380000,0x00000000f6e00000)
 ParOldGen       total 147968K, used 43946K [0x00000000a0000000, 0x00000000a9080000, 0x00000000e0000000)
  object space 147968K, 29% used [0x00000000a0000000,0x00000000a2aea898,0x00000000a9080000)
 Metaspace       used 67489K, capacity 69814K, committed 69848K, reserved 1110016K
  class space    used 8875K, capacity 9472K, committed 9472K, reserved 1048576K
}
Event: 55,708 GC heap before
{Heap before GC invocations=13 (full 3):
 PSYoungGen      total 296960K, used 284433K [0x00000000e0000000, 0x00000000f6e00000, 0x0000000100000000)
  eden space 269312K, 100% used [0x00000000e0000000,0x00000000f0700000,0x00000000f0700000)
  from space 27648K, 54% used [0x00000000f0700000,0x00000000f15c4788,0x00000000f2200000)
  to   space 27136K, 0% used [0x00000000f5380000,0x00000000f5380000,0x00000000f6e00000)
 ParOldGen       total 147968K, used 43946K [0x00000000a0000000, 0x00000000a9080000, 0x00000000e0000000)
  object space 147968K, 29% used [0x00000000a0000000,0x00000000a2aea898,0x00000000a9080000)
 Metaspace       used 69390K, capacity 72084K, committed 72152K, reserved 1112064K
  class space    used 9090K, capacity 9725K, committed 9728K, reserved 1048576K
Event: 55,754 GC heap after
Heap after GC invocations=13 (full 3):
 PSYoungGen      total 329216K, used 12292K [0x00000000e0000000, 0x00000000f6400000, 0x0000000100000000)
  eden space 312320K, 0% used [0x00000000e0000000,0x00000000e0000000,0x00000000f3100000)
  from space 16896K, 72% used [0x00000000f5380000,0x00000000f5f81028,0x00000000f6400000)
  to   space 26112K, 0% used [0x00000000f3100000,0x00000000f3100000,0x00000000f4a80000)
 ParOldGen       total 147968K, used 43954K [0x00000000a0000000, 0x00000000a9080000, 0x00000000e0000000)
  object space 147968K, 29% used [0x00000000a0000000,0x00000000a2aec898,0x00000000a9080000)
 Metaspace       used 69390K, capacity 72084K, committed 72152K, reserved 1112064K
  class space    used 9090K, capacity 9725K, committed 9728K, reserved 1048576K
}
Event: 63,138 GC heap before
{Heap before GC invocations=14 (full 3):
 PSYoungGen      total 329216K, used 324500K [0x00000000e0000000, 0x00000000f6400000, 0x0000000100000000)
  eden space 312320K, 99% used [0x00000000e0000000,0x00000000f30e4108,0x00000000f3100000)
  from space 16896K, 72% used [0x00000000f5380000,0x00000000f5f81028,0x00000000f6400000)
  to   space 26112K, 0% used [0x00000000f3100000,0x00000000f3100000,0x00000000f4a80000)
 ParOldGen       total 147968K, used 43954K [0x00000000a0000000, 0x00000000a9080000, 0x00000000e0000000)
  object space 147968K, 29% used [0x00000000a0000000,0x00000000a2aec898,0x00000000a9080000)
 Metaspace       used 76042K, capacity 78904K, committed 79192K, reserved 1118208K
  class space    used 9863K, capacity 10521K, committed 10624K, reserved 1048576K
Event: 63,182 GC heap after
Heap after GC invocations=14 (full 3):
 PSYoungGen      total 338432K, used 22159K [0x00000000e0000000, 0x00000000f9480000, 0x0000000100000000)
  eden space 312320K, 0% used [0x00000000e0000000,0x00000000e0000000,0x00000000f3100000)
  from space 26112K, 84% used [0x00000000f3100000,0x00000000f46a3d10,0x00000000f4a80000)
  to   space 28160K, 0% used [0x00000000f7900000,0x00000000f7900000,0x00000000f9480000)
 ParOldGen       total 147968K, used 43962K [0x00000000a0000000, 0x00000000a9080000, 0x00000000e0000000)
  object space 147968K, 29% used [0x00000000a0000000,0x00000000a2aee898,0x00000000a9080000)
 Metaspace       used 76042K, capacity 78904K, committed 79192K, reserved 1118208K
  class space    used 9863K, capacity 10521K, committed 10624K, reserved 1048576K
}
Event: 67,384 GC heap before
{Heap before GC invocations=15 (full 3):
 PSYoungGen      total 338432K, used 334479K [0x00000000e0000000, 0x00000000f9480000, 0x0000000100000000)
  eden space 312320K, 100% used [0x00000000e0000000,0x00000000f3100000,0x00000000f3100000)
  from space 26112K, 84% used [0x00000000f3100000,0x00000000f46a3d10,0x00000000f4a80000)
  to   space 28160K, 0% used [0x00000000f7900000,0x00000000f7900000,0x00000000f9480000)
 ParOldGen       total 147968K, used 43962K [0x00000000a0000000, 0x00000000a9080000, 0x00000000e0000000)
  object space 147968K, 29% used [0x00000000a0000000,0x00000000a2aee898,0x00000000a9080000)
 Metaspace       used 84193K, capacity 87638K, committed 87768K, reserved 1126400K
  class space    used 10924K, capacity 11678K, committed 11776K, reserved 1048576K
Event: 67,429 GC heap after
Heap after GC invocations=15 (full 3):
 PSYoungGen      total 382464K, used 28149K [0x00000000e0000000, 0x00000000f9c00000, 0x0000000100000000)
  eden space 354304K, 0% used [0x00000000e0000000,0x00000000e0000000,0x00000000f5a00000)
  from space 28160K, 99% used [0x00000000f7900000,0x00000000f947d6b8,0x00000000f9480000)
  to   space 31744K, 0% used [0x00000000f5a00000,0x00000000f5a00000,0x00000000f7900000)
 ParOldGen       total 147968K, used 44029K [0x00000000a0000000, 0x00000000a9080000, 0x00000000e0000000)
  object space 147968K, 29% used [0x00000000a0000000,0x00000000a2aff750,0x00000000a9080000)
 Metaspace       used 84193K, capacity 87638K, committed 87768K, reserved 1126400K
  class space    used 10924K, capacity 11678K, committed 11776K, reserved 1048576K
}
Event: 72,812 GC heap before
{Heap before GC invocations=16 (full 3):
 PSYoungGen      total 382464K, used 382453K [0x00000000e0000000, 0x00000000f9c00000, 0x0000000100000000)
  eden space 354304K, 100% used [0x00000000e0000000,0x00000000f5a00000,0x00000000f5a00000)
  from space 28160K, 99% used [0x00000000f7900000,0x00000000f947d6b8,0x00000000f9480000)
  to   space 31744K, 0% used [0x00000000f5a00000,0x00000000f5a00000,0x00000000f7900000)
 ParOldGen       total 147968K, used 44029K [0x00000000a0000000, 0x00000000a9080000, 0x00000000e0000000)
  object space 147968K, 29% used [0x00000000a0000000,0x00000000a2aff750,0x00000000a9080000)
 Metaspace       used 86354K, capacity 90126K, committed 90328K, reserved 1128448K
  class space    used 11140K, capacity 11944K, committed 12032K, reserved 1048576K
Event: 72,878 GC heap after
Heap after GC invocations=16 (full 3):
 PSYoungGen      total 386048K, used 24940K [0x00000000e0000000, 0x00000000fd100000, 0x0000000100000000)
  eden space 354304K, 0% used [0x00000000e0000000,0x00000000e0000000,0x00000000f5a00000)
  from space 31744K, 78% used [0x00000000f5a00000,0x00000000f725b2a8,0x00000000f7900000)
  to   space 33792K, 0% used [0x00000000fb000000,0x00000000fb000000,0x00000000fd100000)
 ParOldGen       total 147968K, used 44045K [0x00000000a0000000, 0x00000000a9080000, 0x00000000e0000000)
  object space 147968K, 29% used [0x00000000a0000000,0x00000000a2b03750,0x00000000a9080000)
 Metaspace       used 86354K, capacity 90126K, committed 90328K, reserved 1128448K
  class space    used 11140K, capacity 11944K, committed 12032K, reserved 1048576K
}

